<?xml version="1.0" encoding="UTF-8"?>
<!-- Generated by org.testng.reporters.JUnitXMLReporter -->
<testsuite hostname="DESKTOP-F8HDI00" ignored="0" name="Test" tests="9" failures="0" timestamp="05 Apr 2021 10:55:51 GMT" time="0.041" errors="0">
  <testcase name="tc11" time="0.009" classname="org.tool.Parallel2"/>
  <testcase name="tc111" time="0.009" classname="org.tool.Parallel3"/>
  <testcase name="tc1" time="0.009" classname="org.tool.Parallel1"/>
  <testcase name="tc2" time="0.001" classname="org.tool.Parallel1"/>
  <testcase name="tc222" time="0.004" classname="org.tool.Parallel3"/>
  <testcase name="tc22" time="0.002" classname="org.tool.Parallel2"/>
  <testcase name="tc3" time="0.001" classname="org.tool.Parallel1"/>
  <testcase name="tc333" time="0.001" classname="org.tool.Parallel3"/>
  <testcase name="tc33" time="0.001" classname="org.tool.Parallel2"/>
</testsuite> <!-- Test -->
